<?xml version="1.0" encoding="UTF-8"?>
<!-- Generated by org.testng.reporters.JUnitXMLReporter -->
<testsuite ignored="0" hostname="GURL5CG207721Z" failures="1" tests="3" name="Error Validations Test" time="24.911" errors="0" timestamp="2024-07-30T15:15:03 IST">
  <testcase classname="capgemini.Tests.ErrorValidationsTest" name="LoginErrorValidation" time="1.075">
    <skipped/>
  </testcase> <!-- LoginErrorValidation -->
  <testcase classname="capgemini.Tests.ErrorValidationsTest" name="LoginErrorValidation" time="0.782">
    <failure type="java.lang.AssertionError" message="expected [Incorrect email or password.] but found [Incorrect email password.]">
      <![CDATA[java.lang.AssertionError: expected [Incorrect email or password.] but found [Incorrect email password.]
at capgemini.Tests.ErrorValidationsTest.LoginErrorValidation(ErrorValidationsTest.java:21)
at java.base/java.util.ArrayList.forEach(ArrayList.java:1596)
at java.base/java.util.concurrent.FutureTask.run(FutureTask.java:317)
at java.base/java.util.concurrent.ThreadPoolExecutor.runWorker(ThreadPoolExecutor.java:1144)
at java.base/java.util.concurrent.ThreadPoolExecutor$Worker.run(ThreadPoolExecutor.java:642)
at java.base/java.lang.Thread.run(Thread.java:1583)
... Removed 21 stack frames]]>
    </failure>
  </testcase> <!-- LoginErrorValidation -->
  <testcase classname="capgemini.Tests.ErrorValidationsTest" name="ProductErrorValidation" time="5.098"/>
</testsuite> <!-- Error Validations Test -->
